2025-10-23 22:17:20 | INFO     | src.retrain:train_model:81 - Epoch 10/100, Loss: 0.01856634020805359
2025-10-23 22:17:22 | INFO     | src.retrain:train_model:81 - Epoch 20/100, Loss: 0.007740425411611795
2025-10-23 22:17:24 | INFO     | src.retrain:train_model:81 - Epoch 30/100, Loss: 0.006955723278224468
2025-10-23 22:17:25 | INFO     | src.retrain:train_model:81 - Epoch 40/100, Loss: 0.007400364615023136
2025-10-23 22:17:27 | INFO     | src.retrain:train_model:81 - Epoch 50/100, Loss: 0.00811072252690792
2025-10-23 22:17:28 | INFO     | src.retrain:train_model:81 - Epoch 60/100, Loss: 0.01706601493060589
2025-10-23 22:17:30 | INFO     | src.retrain:train_model:81 - Epoch 70/100, Loss: 0.005230672191828489
2025-10-23 22:17:32 | INFO     | src.retrain:train_model:81 - Epoch 80/100, Loss: 0.002573551144450903
2025-10-23 22:17:33 | INFO     | src.retrain:train_model:81 - Epoch 90/100, Loss: 0.004567564465105534
2025-10-23 22:17:35 | INFO     | src.retrain:train_model:81 - Epoch 100/100, Loss: 0.005556823685765266
2025-10-23 22:17:35 | INFO     | src.retrain:train_model:83 - Model trained successfully
2025-10-23 22:19:43 | INFO     | src.retrain:train_model:81 - Epoch 10/100, Loss: 0.015502555295825005
2025-10-23 22:19:44 | INFO     | src.retrain:train_model:81 - Epoch 20/100, Loss: 0.01251845434308052
2025-10-23 22:19:46 | INFO     | src.retrain:train_model:81 - Epoch 30/100, Loss: 0.010354363359510899
2025-10-23 22:19:47 | INFO     | src.retrain:train_model:81 - Epoch 40/100, Loss: 0.012425268068909645
2025-10-23 22:19:49 | INFO     | src.retrain:train_model:81 - Epoch 50/100, Loss: 0.011771643534302711
2025-10-23 22:19:50 | INFO     | src.retrain:train_model:81 - Epoch 60/100, Loss: 0.006845307536423206
2025-10-23 22:19:52 | INFO     | src.retrain:train_model:81 - Epoch 70/100, Loss: 0.006528835278004408
2025-10-23 22:19:53 | INFO     | src.retrain:train_model:81 - Epoch 80/100, Loss: 0.004983204882591963
2025-10-23 22:19:55 | INFO     | src.retrain:train_model:81 - Epoch 90/100, Loss: 0.0049976687878370285
2025-10-23 22:19:56 | INFO     | src.retrain:train_model:81 - Epoch 100/100, Loss: 0.004487290978431702
2025-10-23 22:19:56 | INFO     | src.retrain:train_model:83 - Model trained successfully
2025-10-23 22:25:31 | INFO     | src.retrain:train_model:81 - Epoch 10/100, Loss: 0.017527597025036812
2025-10-23 22:25:32 | INFO     | src.retrain:train_model:81 - Epoch 20/100, Loss: 0.007866078987717628
2025-10-23 22:25:34 | INFO     | src.retrain:train_model:81 - Epoch 30/100, Loss: 0.010891824029386044
2025-10-23 22:25:35 | INFO     | src.retrain:train_model:81 - Epoch 40/100, Loss: 0.0034768616314977407
2025-10-23 22:25:37 | INFO     | src.retrain:train_model:81 - Epoch 50/100, Loss: 0.010956497862935066
2025-10-23 22:25:38 | INFO     | src.retrain:train_model:81 - Epoch 60/100, Loss: 0.005873771850019693
2025-10-23 22:25:40 | INFO     | src.retrain:train_model:81 - Epoch 70/100, Loss: 0.016714176163077354
2025-10-23 22:25:41 | INFO     | src.retrain:train_model:81 - Epoch 80/100, Loss: 0.002824262948706746
2025-10-23 22:25:43 | INFO     | src.retrain:train_model:81 - Epoch 90/100, Loss: 0.0051066032610833645
2025-10-23 22:25:44 | INFO     | src.retrain:train_model:81 - Epoch 100/100, Loss: 0.0038374389987438917
2025-10-23 22:25:44 | INFO     | src.retrain:train_model:83 - Model trained successfully
2025-10-23 22:25:44 | INFO     | src.retrain:model_saver:92 - Model succesfully saved with name ts
2025-10-25 12:40:46 | INFO     | src.retrain:train_model:81 - Epoch 10/100, Loss: 0.007497924380004406
2025-10-25 12:40:47 | INFO     | src.retrain:train_model:81 - Epoch 20/100, Loss: 0.00689341826364398
2025-10-25 12:40:49 | INFO     | src.retrain:train_model:81 - Epoch 30/100, Loss: 0.008245584554970264
2025-10-25 12:40:50 | INFO     | src.retrain:train_model:81 - Epoch 40/100, Loss: 0.006078267470002174
2025-10-25 12:40:52 | INFO     | src.retrain:train_model:81 - Epoch 50/100, Loss: 0.0035346010699868202
2025-10-25 12:40:53 | INFO     | src.retrain:train_model:81 - Epoch 60/100, Loss: 0.002702368190512061
2025-10-25 12:40:55 | INFO     | src.retrain:train_model:81 - Epoch 70/100, Loss: 0.006996885873377323
2025-10-25 12:40:56 | INFO     | src.retrain:train_model:81 - Epoch 80/100, Loss: 0.004377278033643961
2025-10-25 12:40:58 | INFO     | src.retrain:train_model:81 - Epoch 90/100, Loss: 0.005050129722803831
2025-10-25 12:40:59 | INFO     | src.retrain:train_model:81 - Epoch 100/100, Loss: 0.006405123509466648
2025-10-25 12:40:59 | INFO     | src.retrain:train_model:83 - Model trained successfully
2025-10-25 12:43:18 | INFO     | src.retrain:train_model:81 - Epoch 10/100, Loss: 0.021355483680963516
2025-10-25 12:43:19 | INFO     | src.retrain:train_model:81 - Epoch 20/100, Loss: 0.015279349870979786
2025-10-25 12:43:21 | INFO     | src.retrain:train_model:81 - Epoch 30/100, Loss: 0.011511536315083504
2025-10-25 12:43:22 | INFO     | src.retrain:train_model:81 - Epoch 40/100, Loss: 0.0027277625631541014
2025-10-25 12:43:24 | INFO     | src.retrain:train_model:81 - Epoch 50/100, Loss: 0.003548321546986699
2025-10-25 12:43:25 | INFO     | src.retrain:train_model:81 - Epoch 60/100, Loss: 0.014095905236899853
2025-10-25 12:43:27 | INFO     | src.retrain:train_model:81 - Epoch 70/100, Loss: 0.0032161346171051264
2025-10-25 12:43:28 | INFO     | src.retrain:train_model:81 - Epoch 80/100, Loss: 0.011495943181216717
2025-10-25 12:43:30 | INFO     | src.retrain:train_model:81 - Epoch 90/100, Loss: 0.009285930544137955
2025-10-25 12:43:31 | INFO     | src.retrain:train_model:81 - Epoch 100/100, Loss: 0.0037647010758519173
2025-10-25 12:43:31 | INFO     | src.retrain:train_model:83 - Model trained successfully
2025-10-25 12:45:11 | INFO     | src.retrain:train_model:81 - Epoch 10/100, Loss: 0.010727780871093273
2025-10-25 12:45:13 | INFO     | src.retrain:train_model:81 - Epoch 20/100, Loss: 0.014267932623624802
2025-10-25 12:45:14 | INFO     | src.retrain:train_model:81 - Epoch 30/100, Loss: 0.011381367221474648
2025-10-25 12:45:16 | INFO     | src.retrain:train_model:81 - Epoch 40/100, Loss: 0.0032964185811579227
2025-10-25 12:45:17 | INFO     | src.retrain:train_model:81 - Epoch 50/100, Loss: 0.004097746219485998
2025-10-25 12:45:19 | INFO     | src.retrain:train_model:81 - Epoch 60/100, Loss: 0.00696565629914403
2025-10-25 12:45:20 | INFO     | src.retrain:train_model:81 - Epoch 70/100, Loss: 0.013040845282375813
2025-10-25 12:45:22 | INFO     | src.retrain:train_model:81 - Epoch 80/100, Loss: 0.004852565936744213
2025-10-25 12:45:24 | INFO     | src.retrain:train_model:81 - Epoch 90/100, Loss: 0.0015748305013403296
2025-10-25 12:45:25 | INFO     | src.retrain:train_model:81 - Epoch 100/100, Loss: 0.0026947057340294123
2025-10-25 12:45:25 | INFO     | src.retrain:train_model:83 - Model trained successfully
2025-10-25 12:45:25 | INFO     | src.orchestration:train_model:11 - Model Training done and saved
2025-10-25 12:46:05 | INFO     | src.retrain:train_model:81 - Epoch 10/100, Loss: 0.011976261623203754
2025-10-25 12:46:06 | INFO     | src.retrain:train_model:81 - Epoch 20/100, Loss: 0.00791712012141943
2025-10-25 12:46:08 | INFO     | src.retrain:train_model:81 - Epoch 30/100, Loss: 0.009376828558743
2025-10-25 12:46:09 | INFO     | src.retrain:train_model:81 - Epoch 40/100, Loss: 0.009253069758415222
2025-10-25 12:46:11 | INFO     | src.retrain:train_model:81 - Epoch 50/100, Loss: 0.0063821692019701
2025-10-25 12:46:12 | INFO     | src.retrain:train_model:81 - Epoch 60/100, Loss: 0.011885161511600018
2025-10-25 12:46:14 | INFO     | src.retrain:train_model:81 - Epoch 70/100, Loss: 0.004756066482514143
2025-10-25 12:46:15 | INFO     | src.retrain:train_model:81 - Epoch 80/100, Loss: 0.005108395591378212
2025-10-25 12:46:17 | INFO     | src.retrain:train_model:81 - Epoch 90/100, Loss: 0.0052815754897892475
2025-10-25 12:46:18 | INFO     | src.retrain:train_model:81 - Epoch 100/100, Loss: 0.004794761538505554
2025-10-25 12:46:18 | INFO     | src.retrain:train_model:83 - Model trained successfully
2025-10-25 12:46:18 | INFO     | src.retrain:model_saver:88 - This file already exists
2025-10-25 12:46:18 | INFO     | src.retrain:model_saver:91 - Model succesfully saved with name ts
2025-10-25 12:46:18 | INFO     | src.orchestration:train_model:11 - Model Training done and saved
2025-10-25 13:05:41 | INFO     | src.retrain:train_model:81 - Epoch 10/100, Loss: 0.020163629204034805
2025-10-25 13:05:43 | INFO     | src.retrain:train_model:81 - Epoch 20/100, Loss: 0.008591870777308941
2025-10-25 13:05:44 | INFO     | src.retrain:train_model:81 - Epoch 30/100, Loss: 0.008442552760243416
2025-10-25 13:05:46 | INFO     | src.retrain:train_model:81 - Epoch 40/100, Loss: 0.00638775946572423
2025-10-25 13:05:47 | INFO     | src.retrain:train_model:81 - Epoch 50/100, Loss: 0.0047644805163145065
2025-10-25 13:05:49 | INFO     | src.retrain:train_model:81 - Epoch 60/100, Loss: 0.0034348780754953623
2025-10-25 13:05:50 | INFO     | src.retrain:train_model:81 - Epoch 70/100, Loss: 0.003866729559376836
2025-10-25 13:05:52 | INFO     | src.retrain:train_model:81 - Epoch 80/100, Loss: 0.0036110335495322943
2025-10-25 13:05:53 | INFO     | src.retrain:train_model:81 - Epoch 90/100, Loss: 0.0030430566985160112
2025-10-25 13:05:55 | INFO     | src.retrain:train_model:81 - Epoch 100/100, Loss: 0.004793419502675533
2025-10-25 13:05:55 | INFO     | src.retrain:train_model:83 - Model trained successfully
2025-10-25 13:05:55 | INFO     | src.retrain:model_saver:96 - Model succesfully saved with name ts
2025-10-25 13:05:55 | INFO     | src.orchestration:train_model:11 - Model Training done and saved
2025-10-25 13:15:29 | INFO     | src.retrain:train_model:81 - Epoch 10/100, Loss: 0.01036862749606371
2025-10-25 13:15:30 | INFO     | src.retrain:train_model:81 - Epoch 20/100, Loss: 0.009716672822833061
2025-10-25 13:15:32 | INFO     | src.retrain:train_model:81 - Epoch 30/100, Loss: 0.00971793569624424
2025-10-25 13:15:33 | INFO     | src.retrain:train_model:81 - Epoch 40/100, Loss: 0.008554026484489441
2025-10-25 13:15:35 | INFO     | src.retrain:train_model:81 - Epoch 50/100, Loss: 0.004253969062119722
2025-10-25 13:15:36 | INFO     | src.retrain:train_model:81 - Epoch 60/100, Loss: 0.006922310218214989
2025-10-25 13:15:38 | INFO     | src.retrain:train_model:81 - Epoch 70/100, Loss: 0.008047106675803661
2025-10-25 13:15:39 | INFO     | src.retrain:train_model:81 - Epoch 80/100, Loss: 0.004039359278976917
2025-10-25 13:15:41 | INFO     | src.retrain:train_model:81 - Epoch 90/100, Loss: 0.004806610755622387
2025-10-25 13:15:42 | INFO     | src.retrain:train_model:81 - Epoch 100/100, Loss: 0.010981778614223003
2025-10-25 13:15:42 | INFO     | src.retrain:train_model:83 - Model trained successfully
2025-10-25 13:16:07 | INFO     | src.retrain:train_model:81 - Epoch 10/100, Loss: 0.015391155146062374
2025-10-25 13:16:08 | INFO     | src.retrain:train_model:81 - Epoch 20/100, Loss: 0.009996323846280575
2025-10-25 13:16:10 | INFO     | src.retrain:train_model:81 - Epoch 30/100, Loss: 0.010539447888731956
2025-10-25 13:16:11 | INFO     | src.retrain:train_model:81 - Epoch 40/100, Loss: 0.0046267262659966946
2025-10-25 13:16:13 | INFO     | src.retrain:train_model:81 - Epoch 50/100, Loss: 0.007035030983388424
2025-10-25 13:16:14 | INFO     | src.retrain:train_model:81 - Epoch 60/100, Loss: 0.00909860897809267
2025-10-25 13:16:16 | INFO     | src.retrain:train_model:81 - Epoch 70/100, Loss: 0.00407066335901618
2025-10-25 13:16:18 | INFO     | src.retrain:train_model:81 - Epoch 80/100, Loss: 0.003216598881408572
2025-10-25 13:16:19 | INFO     | src.retrain:train_model:81 - Epoch 90/100, Loss: 0.0074301003478467464
2025-10-25 13:16:21 | INFO     | src.retrain:train_model:81 - Epoch 100/100, Loss: 0.012660874053835869
2025-10-25 13:16:21 | INFO     | src.retrain:train_model:83 - Model trained successfully
2025-10-25 13:16:21 | INFO     | src.retrain:model_saver:93 - This file already exists
2025-10-25 13:16:21 | INFO     | src.retrain:model_saver:98 - Model succesfully saved with name ts
2025-10-25 13:16:21 | INFO     | src.orchestration:train_model:11 - Model Training done and saved
2025-10-25 13:22:40 | INFO     | src.retrain:train_model:82 - Epoch 10/100, Loss: 0.01213932503014803
2025-10-25 13:22:42 | INFO     | src.retrain:train_model:82 - Epoch 20/100, Loss: 0.018073629587888718
2025-10-25 13:22:44 | INFO     | src.retrain:train_model:82 - Epoch 30/100, Loss: 0.0038383840583264828
2025-10-25 13:22:45 | INFO     | src.retrain:train_model:82 - Epoch 40/100, Loss: 0.006177210249006748
2025-10-25 13:22:47 | INFO     | src.retrain:train_model:82 - Epoch 50/100, Loss: 0.007042726501822472
2025-10-25 13:22:48 | INFO     | src.retrain:train_model:82 - Epoch 60/100, Loss: 0.008164439350366592
2025-10-25 13:22:50 | INFO     | src.retrain:train_model:82 - Epoch 70/100, Loss: 0.0042364997789263725
2025-10-25 13:22:52 | INFO     | src.retrain:train_model:82 - Epoch 80/100, Loss: 0.008308089338243008
2025-10-25 13:22:53 | INFO     | src.retrain:train_model:82 - Epoch 90/100, Loss: 0.009191583842039108
2025-10-25 13:22:55 | INFO     | src.retrain:train_model:82 - Epoch 100/100, Loss: 0.0031684970017522573
2025-10-25 13:22:55 | INFO     | src.retrain:train_model:84 - Model trained successfully
2025-10-25 13:22:55 | INFO     | src.retrain:model_saver:95 - This file already exists
2025-10-25 13:23:58 | INFO     | src.retrain:train_model:82 - Epoch 10/100, Loss: 0.018604356795549393
2025-10-25 13:23:59 | INFO     | src.retrain:train_model:82 - Epoch 20/100, Loss: 0.013165002688765526
2025-10-25 13:24:01 | INFO     | src.retrain:train_model:82 - Epoch 30/100, Loss: 0.010287780314683914
2025-10-25 13:24:02 | INFO     | src.retrain:train_model:82 - Epoch 40/100, Loss: 0.005818648729473352
2025-10-25 13:24:04 | INFO     | src.retrain:train_model:82 - Epoch 50/100, Loss: 0.008538025431334972
2025-10-25 13:24:05 | INFO     | src.retrain:train_model:82 - Epoch 60/100, Loss: 0.0065493350848555565
2025-10-25 13:24:07 | INFO     | src.retrain:train_model:82 - Epoch 70/100, Loss: 0.0027831208426505327
2025-10-25 13:24:08 | INFO     | src.retrain:train_model:82 - Epoch 80/100, Loss: 0.0030258961487561464
2025-10-25 13:24:10 | INFO     | src.retrain:train_model:82 - Epoch 90/100, Loss: 0.004732470028102398
2025-10-25 13:24:11 | INFO     | src.retrain:train_model:82 - Epoch 100/100, Loss: 0.0042138793505728245
2025-10-25 13:24:11 | INFO     | src.retrain:train_model:84 - Model trained successfully
2025-10-25 13:24:11 | INFO     | src.retrain:model_saver:95 - This file already exists
2025-10-25 13:24:11 | INFO     | src.retrain:model_saver:101 - Model succesfully saved with name ts
2025-10-25 13:24:11 | INFO     | src.orchestration:train_model:11 - Model Training done and saved
2025-10-25 14:31:43 | INFO     | src.modeler:load_model:115 - Model loaded correctly
2025-10-25 14:32:10 | INFO     | src.modeler:load_model:115 - Model loaded correctly
2025-10-25 14:32:25 | INFO     | src.modeler:load_model:115 - Model loaded correctly
2025-10-25 14:33:34 | INFO     | src.modeler:load_model:115 - Model loaded correctly
2025-10-25 14:37:36 | INFO     | src.modeler:load_model:115 - Model loaded correctly
2025-10-25 14:38:09 | INFO     | src.modeler:load_model:115 - Model loaded correctly
2025-10-25 14:40:17 | INFO     | src.modeler:train_model:83 - Epoch 10/100, Loss: 0.009784278459846973
2025-10-25 14:40:18 | INFO     | src.modeler:train_model:83 - Epoch 20/100, Loss: 0.001376283704303205
2025-10-25 14:40:20 | INFO     | src.modeler:train_model:83 - Epoch 30/100, Loss: 0.005145181901752949
2025-10-25 14:40:21 | INFO     | src.modeler:train_model:83 - Epoch 40/100, Loss: 0.0029390696436166763
2025-10-25 14:40:23 | INFO     | src.modeler:train_model:83 - Epoch 50/100, Loss: 0.0010922442888841033
2025-10-25 14:40:25 | INFO     | src.modeler:train_model:83 - Epoch 60/100, Loss: 0.0004936299519613385
2025-10-25 14:40:26 | INFO     | src.modeler:train_model:83 - Epoch 70/100, Loss: 0.0024260147474706173
2025-10-25 14:40:28 | INFO     | src.modeler:train_model:83 - Epoch 80/100, Loss: 0.0031112851575016975
2025-10-25 14:40:30 | INFO     | src.modeler:train_model:83 - Epoch 90/100, Loss: 0.001789121306501329
2025-10-25 14:40:31 | INFO     | src.modeler:train_model:83 - Epoch 100/100, Loss: 0.0006226885016076267
2025-10-25 14:40:31 | INFO     | src.modeler:train_model:85 - Model trained successfully
2025-10-25 14:40:31 | INFO     | src.modeler:model_saver:96 - This file already exists
2025-10-25 14:41:51 | INFO     | src.modeler:load_model:115 - Model loaded correctly
2025-10-25 14:42:18 | INFO     | src.modeler:train_model:83 - Epoch 10/100, Loss: 0.003278853837400675
2025-10-25 14:42:19 | INFO     | src.modeler:train_model:83 - Epoch 20/100, Loss: 0.00477310735732317
2025-10-25 14:42:21 | INFO     | src.modeler:train_model:83 - Epoch 30/100, Loss: 0.0005645306664519012
2025-10-25 14:42:22 | INFO     | src.modeler:train_model:83 - Epoch 40/100, Loss: 0.0006904815090820193
2025-10-25 14:42:24 | INFO     | src.modeler:train_model:83 - Epoch 50/100, Loss: 0.0009251178125850856
2025-10-25 14:42:25 | INFO     | src.modeler:train_model:83 - Epoch 60/100, Loss: 0.0013317754492163658
2025-10-25 14:42:27 | INFO     | src.modeler:train_model:83 - Epoch 70/100, Loss: 0.0009808472823351622
2025-10-25 14:42:28 | INFO     | src.modeler:train_model:83 - Epoch 80/100, Loss: 0.0019307069014757872
2025-10-25 14:42:30 | INFO     | src.modeler:train_model:83 - Epoch 90/100, Loss: 0.0009396487730555236
2025-10-25 14:42:31 | INFO     | src.modeler:train_model:83 - Epoch 100/100, Loss: 0.001475128112360835
2025-10-25 14:42:31 | INFO     | src.modeler:train_model:85 - Model trained successfully
2025-10-25 14:42:31 | INFO     | src.modeler:model_saver:96 - This file already exists
2025-10-25 14:47:41 | INFO     | src.modeler:train_model:83 - Epoch 10/100, Loss: 0.016327720135450363
2025-10-25 14:47:42 | INFO     | src.modeler:train_model:83 - Epoch 20/100, Loss: 0.008301587775349617
2025-10-25 14:47:44 | INFO     | src.modeler:train_model:83 - Epoch 30/100, Loss: 0.0034944084472954273
2025-10-25 14:47:45 | INFO     | src.modeler:train_model:83 - Epoch 40/100, Loss: 0.0015638882759958506
2025-10-25 14:47:46 | INFO     | src.modeler:train_model:83 - Epoch 50/100, Loss: 0.00047109375009313226
2025-10-25 14:47:48 | INFO     | src.modeler:train_model:83 - Epoch 60/100, Loss: 0.0007576806819997728
2025-10-25 14:47:49 | INFO     | src.modeler:train_model:83 - Epoch 70/100, Loss: 0.0017677999567240477
2025-10-25 14:47:51 | INFO     | src.modeler:train_model:83 - Epoch 80/100, Loss: 0.0008068663883022964
2025-10-25 14:47:52 | INFO     | src.modeler:train_model:83 - Epoch 90/100, Loss: 0.001274722395464778
2025-10-25 14:47:54 | INFO     | src.modeler:train_model:83 - Epoch 100/100, Loss: 0.0013641656842082739
2025-10-25 14:47:54 | INFO     | src.modeler:train_model:85 - Model trained successfully
2025-10-25 14:47:54 | INFO     | src.modeler:model_saver:96 - This file already exists
2025-10-25 14:47:54 | INFO     | src.modeler:model_saver:102 - Model succesfully saved with name ts
2025-10-25 14:47:54 | INFO     | src.orchestration:train_model:12 - Model Training done and saved
2025-10-25 14:49:12 | INFO     | src.modeler:load_model:115 - Model loaded correctly
